#
# There is insufficient memory for the Java Runtime Environment to continue.
# Native memory allocation (malloc) failed to allocate 1048576 bytes for AllocateHeap
# Possible reasons:
#   The system is out of physical RAM or swap space
#   The process is running with CompressedOops enabled, and the Java Heap may be blocking the growth of the native heap
# Possible solutions:
#   Reduce memory load on the system
#   Increase physical memory or swap space
#   Check if swap backing store is full
#   Decrease Java heap size (-Xmx/-Xms)
#   Decrease number of Java threads
#   Decrease Java thread stack sizes (-Xss)
#   Set larger code cache with -XX:ReservedCodeCacheSize=
#   JVM is running with Unscaled Compressed Oops mode in which the Java heap is
#     placed in the first 4GB address space. The Java Heap base address is the
#     maximum limit for the native heap growth. Please use -XX:HeapBaseMinAddress
#     to set the Java Heap base and to place the Java Heap above 4GB virtual address.
# This output file may be truncated or incomplete.
#
#  Out of Memory Error (./open/src/hotspot/share/memory/allocation.cpp:44), pid=16160, tid=980
#
# JRE version:  (15.0+36) (build )
# Java VM: Java HotSpot(TM) 64-Bit Server VM (15+36-1562, mixed mode, sharing, tiered, compressed oops, g1 gc, windows-amd64)
# No core dump will be written. Minidumps are not enabled by default on client versions of Windows
#

---------------  S U M M A R Y ------------

Command Line: -Dfile.encoding=UTF-8 -XX:+ShowCodeDetailsInExceptionMessages otp.group6.AudioEditor.PitchShiftingTest

Host: Intel(R) Core(TM) i7-7700K CPU @ 4.20GHz, 4 cores, 15G,  Windows 10 , 64 bit Build 19041 (10.0.19041.662)
Time: Tue Feb  2 14:53:34 2021 Suomen normaaliaika elapsed time: 0.008589 seconds (0d 0h 0m 0s)

---------------  T H R E A D  ---------------

Current thread (0x000001bb34f21560):  JavaThread "Unknown thread" [_thread_in_vm, id=980, stack(0x0000007c4f900000,0x0000007c4fa00000)]

Stack: [0x0000007c4f900000,0x0000007c4fa00000]
Native frames: (J=compiled Java code, j=interpreted, Vv=VM code, C=native code)
V  [jvm.dll+0x629eaa]
V  [jvm.dll+0x780379]
V  [jvm.dll+0x781ad3]
V  [jvm.dll+0x782133]
V  [jvm.dll+0x2159d5]
V  [jvm.dll+0x8ea92]
V  [jvm.dll+0x2a1f94]
V  [jvm.dll+0x75d0bc]
V  [jvm.dll+0x333af4]
V  [jvm.dll+0x73d816]
V  [jvm.dll+0x3b68e7]
V  [jvm.dll+0x3b8371]
C  [jli.dll+0x52fb]
C  [ucrtbase.dll+0x214c2]
C  [KERNEL32.DLL+0x17034]
C  [ntdll.dll+0x4d0d1]


---------------  P R O C E S S  ---------------

Threads class SMR info:
_java_thread_list=0x00007ff802822fa0, length=0, elements={
}

Java Threads: ( => current thread )

Other Threads:

=>0x000001bb34f21560 (exited) JavaThread "Unknown thread" [_thread_in_vm, id=980, stack(0x0000007c4f900000,0x0000007c4fa00000)]

Threads with active compile tasks:

VM state: not at safepoint (not fully initialized)

VM Mutex/Monitor currently owned by a thread: None

Heap address: 0x0000000000000000, size: 0 MB, Compressed Oops mode: 32-bit
CDS archive(s) mapped at: [0x0000000000000000-0x0000000000000000-0x0000000000000000), size 0, SharedBaseAddress: 0x0000000800000000, ArchiveRelocationMode: 0.
Narrow klass base: 0x0000000000000000, Narrow klass shift: 0, Narrow klass range: 0x0

GC Heap History (0 events):
No events

Deoptimization events (0 events):
No events

Classes unloaded (0 events):
No events

Classes redefined (0 events):
No events

Internal exceptions (0 events):
No events

Events (1 events):
Event: 0.005 Loaded shared library C:\Program Files\Java\jdk-15\bin\java.dll


Dynamic libraries:
0x00007ff666b60000 - 0x00007ff666b6f000 	C:\Program Files\Java\jdk-15\bin\javaw.exe
0x00007ff876c90000 - 0x00007ff876e86000 	C:\WINDOWS\SYSTEM32\ntdll.dll
0x00007ff874f30000 - 0x00007ff874fed000 	C:\WINDOWS\System32\KERNEL32.DLL
0x00007ff8749a0000 - 0x00007ff874c69000 	C:\WINDOWS\System32\KERNELBASE.dll
0x00007ff8748a0000 - 0x00007ff8749a0000 	C:\WINDOWS\System32\ucrtbase.dll
0x00007ff86b900000 - 0x00007ff86b919000 	C:\Program Files\Java\jdk-15\bin\VCRUNTIME140.dll
0x00007ff86c780000 - 0x00007ff86c798000 	C:\Program Files\Java\jdk-15\bin\jli.dll
0x00007ff8767d0000 - 0x00007ff87687c000 	C:\WINDOWS\System32\ADVAPI32.dll
0x00007ff874e90000 - 0x00007ff874f2e000 	C:\WINDOWS\System32\msvcrt.dll
0x00007ff875380000 - 0x00007ff87541c000 	C:\WINDOWS\System32\sechost.dll
0x00007ff875bf0000 - 0x00007ff875d1b000 	C:\WINDOWS\System32\RPCRT4.dll
0x00007ff86a780000 - 0x00007ff86aa1b000 	C:\WINDOWS\WinSxS\amd64_microsoft.windows.common-controls_6595b64144ccf1df_6.0.19041.746_none_ca02b4b61b8320a4\COMCTL32.dll
0x00007ff876530000 - 0x00007ff87655a000 	C:\WINDOWS\System32\GDI32.dll
0x00007ff8747d0000 - 0x00007ff8747f2000 	C:\WINDOWS\System32\win32u.dll
0x00007ff8743d0000 - 0x00007ff8744db000 	C:\WINDOWS\System32\gdi32full.dll
0x00007ff876630000 - 0x00007ff8767d0000 	C:\WINDOWS\System32\USER32.dll
0x00007ff874800000 - 0x00007ff87489d000 	C:\WINDOWS\System32\msvcp_win.dll
0x00007ff86e7d0000 - 0x00007ff86e7da000 	C:\WINDOWS\SYSTEM32\VERSION.dll
0x00007ff874ff0000 - 0x00007ff875020000 	C:\WINDOWS\System32\IMM32.DLL
0x00007ff86f430000 - 0x00007ff86f43c000 	C:\Program Files\Java\jdk-15\bin\vcruntime140_1.dll
0x00007ff854370000 - 0x00007ff854401000 	C:\Program Files\Java\jdk-15\bin\msvcp140.dll
0x00007ff801d60000 - 0x00007ff8028bc000 	C:\Program Files\Java\jdk-15\bin\server\jvm.dll
0x00007ff874cf0000 - 0x00007ff874cf8000 	C:\WINDOWS\System32\PSAPI.DLL
0x00007ff86c5e0000 - 0x00007ff86c5e9000 	C:\WINDOWS\SYSTEM32\WSOCK32.dll
0x00007ff86c8c0000 - 0x00007ff86c8e7000 	C:\WINDOWS\SYSTEM32\WINMM.dll
0x00007ff876b80000 - 0x00007ff876beb000 	C:\WINDOWS\System32\WS2_32.dll
0x00007ff872350000 - 0x00007ff872362000 	C:\WINDOWS\SYSTEM32\kernel.appcore.dll
0x00007ff86c730000 - 0x00007ff86c73a000 	C:\Program Files\Java\jdk-15\bin\jimage.dll
0x00007ff85f1e0000 - 0x00007ff85f3c4000 	C:\WINDOWS\SYSTEM32\DBGHELP.DLL
0x00007ff85f1b0000 - 0x00007ff85f1dc000 	C:\WINDOWS\SYSTEM32\dbgcore.DLL
0x00007ff874c70000 - 0x00007ff874cf0000 	C:\WINDOWS\System32\bcryptPrimitives.dll
0x00007ff86b8c0000 - 0x00007ff86b8e5000 	C:\Program Files\Java\jdk-15\bin\java.dll

dbghelp: loaded successfully - version: 4.0.5 - missing functions: none
symbol engine: initialized successfully - sym options: 0x614 - pdb path: .;C:\Program Files\Java\jdk-15\bin;C:\WINDOWS\SYSTEM32;C:\WINDOWS\WinSxS\amd64_microsoft.windows.common-controls_6595b64144ccf1df_6.0.19041.746_none_ca02b4b61b8320a4;C:\Program Files\Java\jdk-15\bin\server

VM Arguments:
jvm_args: -Dfile.encoding=UTF-8 -XX:+ShowCodeDetailsInExceptionMessages 
java_command: otp.group6.AudioEditor.PitchShiftingTest
java_class_path (initial): D:\Koulu\OhTu_projekti_K21\audioeditor\target\classes;D:\Downloads\TarsosDSP-latest-bin.jar;D:\Downloads\PitchShift-latest.jar;D:\Downloads
Launcher Type: SUN_STANDARD

[Global flags]
     intx CICompilerCount                          = 3                                         {product} {ergonomic}
     uint ConcGCThreads                            = 1                                         {product} {ergonomic}
     uint G1ConcRefinementThreads                  = 4                                         {product} {ergonomic}
   size_t G1HeapRegionSize                         = 2097152                                   {product} {ergonomic}
    uintx GCDrainStackTargetSize                   = 64                                        {product} {ergonomic}
   size_t InitialHeapSize                          = 268435456                                 {product} {ergonomic}
   size_t MarkStackSize                            = 4194304                                   {product} {ergonomic}
   size_t MaxHeapSize                              = 4278190080                                {product} {ergonomic}
   size_t MinHeapDeltaBytes                        = 2097152                                   {product} {ergonomic}
   size_t MinHeapSize                              = 8388608                                   {product} {ergonomic}
    uintx NonNMethodCodeHeapSize                   = 5832780                                {pd product} {ergonomic}
    uintx NonProfiledCodeHeapSize                  = 122912730                              {pd product} {ergonomic}
    uintx ProfiledCodeHeapSize                     = 122912730                              {pd product} {ergonomic}
    uintx ReservedCodeCacheSize                    = 251658240                              {pd product} {ergonomic}
     bool SegmentedCodeCache                       = true                                      {product} {ergonomic}
     bool ShowCodeDetailsInExceptionMessages       = true                                   {manageable} {command line}
   size_t SoftMaxHeapSize                          = 4278190080                             {manageable} {ergonomic}
     bool UseCompressedClassPointers               = true                                 {lp64_product} {ergonomic}
     bool UseCompressedOops                        = true                                 {lp64_product} {ergonomic}
     bool UseG1GC                                  = true                                      {product} {ergonomic}
     bool UseLargePagesIndividualAllocation        = false                                  {pd product} {ergonomic}

Logging:
Log output configuration:
 #0: stdout all=warning uptime,level,tags
 #1: stderr all=off uptime,level,tags

Environment Variables:
PATH=C:/Users/onnil.DESKTOP-GBD5COS/.p2/pool/plugins/org.eclipse.justj.openjdk.hotspot.jre.full.win32.x86_64_14.0.2.v20200815-0932/jre/bin/server;C:/Users/onnil.DESKTOP-GBD5COS/.p2/pool/plugins/org.eclipse.justj.openjdk.hotspot.jre.full.win32.x86_64_14.0.2.v20200815-0932/jre/bin;C:\Program Files\Common Files\Oracle\Java\javapath;C:\Program Files (x86)\Common Files\Oracle\Java\javapath;C:\Windows\system32;C:\Windows;C:\Windows\System32\Wbem;C:\Windows\System32\WindowsPowerShell\v1.0\;C:\Program Files (x86)\NVIDIA Corporation\PhysX\Common;C:\WINDOWS\system32;C:\WINDOWS;C:\WINDOWS\System32\Wbem;C:\WINDOWS\System32\WindowsPowerShell\v1.0\;C:\Program Files (x86)\Skype\Phone\;C:\WINDOWS\System32\OpenSSH\;C:\Program Files\NVIDIA Corporation\NVIDIA NvDLISR;C:\Program Files\Git\cmd;C:\Program Files\PuTTY\;C:\WINDOWS\system32;C:\WINDOWS;C:\WINDOWS\System32\Wbem;C:\WINDOWS\System32\WindowsPowerShell\v1.0\;C:\WINDOWS\System32\OpenSSH\;D:\nodejs\;C:\Users\onnil.DESKTOP-GBD5COS\AppData\Local\Microsoft\WindowsApps;C:\Users\onnil.DESKTOP-GBD5COS\AppData\Local\GitHubDesktop\bin;C:\Users\onnil.DESKTOP-GBD5COS\AppData\Local\Microsoft\WindowsApps;C:\Users\onnil.DESKTOP-GBD5COS\AppData\Roaming\npm;C:\Users\onnil.DESKTOP-GBD5COS\Desktop;
USERNAME=onnil
OS=Windows_NT
PROCESSOR_IDENTIFIER=Intel64 Family 6 Model 158 Stepping 9, GenuineIntel



---------------  S Y S T E M  ---------------

OS:
 Windows 10 , 64 bit Build 19041 (10.0.19041.662)
OS uptime: 2 days 0:28 hours

CPU: total 4 (initial active 4) (4 cores per cpu, 2 threads per core) family 6 model 158 stepping 9, cmov, cx8, fxsr, mmx, sse, sse2, sse3, ssse3, sse4.1, sse4.2, popcnt, vzeroupper, avx, avx2, aes, clmul, erms, rtm, 3dnowpref, lzcnt, ht, tsc, tscinvbit, bmi1, bmi2, adx, fma, clflush, clflushopt

Memory: 4k page, system-wide physical 16314M (9385M free)
TotalPageFile size 22184M (AvailPageFile size 5M)
current process WorkingSet (physical memory assigned to process): 9M, peak: 9M
current process commit charge ("private bytes"): 11M, peak: 12M

vm_info: Java HotSpot(TM) 64-Bit Server VM (15+36-1562) for windows-amd64 JRE (15+36-1562), built on Aug 11 2020 22:38:02 by "mach5one" with unknown MS VC++:1925

END.
